<component name="libraryTable">
  <library name="junit-platform-commons-1.8.2">
    <CLASSES>
      <root url="jar://$PROJECT_DIR$/../.idea/libraries/junit-platform-commons-1.8.2.jar!/" />
    </CLASSES>
    <JAVADOC />
    <SOURCES />
  </library>
</component>